<?xml version="1.0" encoding="UTF-8"?>
<testsuite xmlns:xsi="http://www.w3.org/2001/XMLSchema-instance" xsi:noNamespaceSchemaLocation="https://maven.apache.org/surefire/maven-surefire-plugin/xsd/surefire-test-report-3.0.xsd" version="3.0" name="com.brewery.client.course.web.client.BreweryClientTest" time="3.642" tests="8" errors="0" skipped="0" failures="0">
  <properties>
[...]
</properties>
  <testcase name="getCustomerById" classname="com.brewery.client.course.web.client.BreweryClientTest" time="0.588">
    <system-out><![CDATA[18:13:04.412 [main] DEBUG org.springframework.boot.test.context.SpringBootTestContextBootstrapper - Neither @ContextConfiguration nor @ContextHierarchy found for test class [BreweryClientTest]: using SpringBootContextLoader
18:13:04.417 [main] DEBUG org.springframework.test.context.support.AbstractContextLoader - Could not detect default resource locations for test class [com.brewery.client.course.web.client.BreweryClientTest]: no resource found for suffixes {-context.xml, Context.groovy}.
18:13:04.418 [main] INFO org.springframework.test.context.support.AnnotationConfigContextLoaderUtils - Could not detect default configuration classes for test class [com.brewery.client.course.web.client.BreweryClientTest]: BreweryClientTest does not declare any static, non-private, non-final, nested classes annotated with @Configuration.
18:13:04.449 [main] DEBUG org.springframework.boot.test.context.SpringBootTestContextBootstrapper - Using ContextCustomizers for test class [BreweryClientTest]: [ExcludeFilterContextCustomizer, DuplicateJsonObjectContextCustomizer, MockitoContextCustomizer, TestRestTemplateContextCustomizer, DisableObservabilityContextCustomizer, PropertyMappingContextCustomizer, Customizer]
18:13:04.533 [main] DEBUG org.springframework.context.annotation.ClassPathScanningCandidateComponentProvider - Identified candidate component class: file [/home/users/bpietrowiak/Spring_microservices/Brewery_Client_SpringCourse/target/classes/com/brewery/client/course/CourseApplication.class]
18:13:04.535 [main] INFO org.springframework.boot.test.context.SpringBootTestContextBootstrapper - Found @SpringBootConfiguration com.brewery.client.course.CourseApplication for test class com.brewery.client.course.web.client.BreweryClientTest
18:13:04.637 [main] DEBUG org.springframework.test.context.util.TestContextSpringFactoriesUtils - Skipping candidate TestExecutionListener [org.springframework.test.context.transaction.TransactionalTestExecutionListener] due to a missing dependency. Specify custom TestExecutionListener classes or make the default TestExecutionListener classes and their required dependencies available. Offending class: [org/springframework/transaction/interceptor/TransactionAttributeSource]
18:13:04.639 [main] DEBUG org.springframework.test.context.util.TestContextSpringFactoriesUtils - Skipping candidate TestExecutionListener [org.springframework.test.context.jdbc.SqlScriptsTestExecutionListener] due to a missing dependency. Specify custom TestExecutionListener classes or make the default TestExecutionListener classes and their required dependencies available. Offending class: [org/springframework/transaction/interceptor/TransactionAttribute]
18:13:04.642 [main] DEBUG org.springframework.boot.test.context.SpringBootTestContextBootstrapper - Using TestExecutionListeners for test class [BreweryClientTest]: [ServletTestExecutionListener, DirtiesContextBeforeModesTestExecutionListener, ApplicationEventsTestExecutionListener, MockitoTestExecutionListener, DependencyInjectionTestExecutionListener, DirtiesContextTestExecutionListener, EventPublishingTestExecutionListener, ResetMocksTestExecutionListener, RestDocsTestExecutionListener, MockRestServiceServerResetTestExecutionListener, MockMvcPrintOnlyOnFailureTestExecutionListener, WebDriverTestExecutionListener, MockWebServiceServerTestExecutionListener]
18:13:04.643 [main] DEBUG org.springframework.test.context.support.AbstractDirtiesContextTestExecutionListener - Before test class: class [BreweryClientTest], class annotated with @DirtiesContext [false] with mode [null]

  .   ____          _            __ _ _
 /\\ / ___'_ __ _ _(_)_ __  __ _ \ \ \ \
( ( )\___ | '_ | '_| | '_ \/ _` | \ \ \ \
 \\/  ___)| |_)| | | | | || (_| |  ) ) ) )
  '  |____| .__|_| |_|_| |_\__, | / / / /
 =========|_|==============|___/=/_/_/_/
 :: Spring Boot ::                (v3.0.2)

2023-02-13T18:13:04.978+01:00  INFO 82322 --- [           main] c.b.c.c.web.client.BreweryClientTest     : Starting BreweryClientTest using Java 17.0.5 with PID 82322 (started by bpietrowiak in /home/users/bpietrowiak/Spring_microservices/Brewery_Client_SpringCourse)
2023-02-13T18:13:04.981+01:00  INFO 82322 --- [           main] c.b.c.c.web.client.BreweryClientTest     : No active profile set, falling back to 1 default profile: "default"
2023-02-13T18:13:07.042+01:00  INFO 82322 --- [           main] o.s.b.a.e.web.EndpointLinksResolver      : Exposing 1 endpoint(s) beneath base path '/actuator'
2023-02-13T18:13:07.113+01:00  INFO 82322 --- [           main] c.b.c.c.web.client.BreweryClientTest     : Started BreweryClientTest in 2.429 seconds (process running for 3.644)
]]></system-out>
  </testcase>
  <testcase name="saveNewBeer" classname="com.brewery.client.course.web.client.BreweryClientTest" time="0.026"/>
  <testcase name="deleteCustomer" classname="com.brewery.client.course.web.client.BreweryClientTest" time="0.009"/>
  <testcase name="saveNewCustomer" classname="com.brewery.client.course.web.client.BreweryClientTest" time="0.01"/>
  <testcase name="getBeerById" classname="com.brewery.client.course.web.client.BreweryClientTest" time="0.013"/>
  <testcase name="updateBeer" classname="com.brewery.client.course.web.client.BreweryClientTest" time="0.009"/>
  <testcase name="updateCustomer" classname="com.brewery.client.course.web.client.BreweryClientTest" time="0.01"/>
  <testcase name="deleteBeer" classname="com.brewery.client.course.web.client.BreweryClientTest" time="0.009"/>
</testsuite>